INFO: a
INFO: s
INFO: d
INFO: a
INFO: w
INFO: d
INFO: a
INFO: s
INFO: d
INFO: a
INFO: w
INFO: d
INFO: a
INFO: s
INFO: d
INFO: a
INFO: w
INFO: d
INFO: a
INFO: s
INFO: d
INFO: a
INFO: w
INFO: d
INFO: a
INFO: s
INFO: d
INFO: a
INFO: w
INFO: d
INFO: a
INFO: s
INFO: d
INFO: a
INFO: w
INFO: d
INFO: a
INFO: s
INFO: d
INFO: a
INFO: w
INFO: d
INFO: a
INFO: s
INFO: d
INFO: a
INFO: w
INFO: d
INFO: a
INFO: s
INFO: d
INFO: a
INFO: w
INFO: d
INFO: a
INFO: s
INFO: d
INFO: a
INFO: w
INFO: d
INFO: a
INFO: s
INFO: d
INFO: a
INFO: w
INFO: d
INFO: a
INFO: s
INFO: d
INFO: a
INFO: w
INFO: d
INFO: a
INFO: s
INFO: d
INFO: a
INFO: end of segment
